<?xml version="1.0" encoding="UTF-8"?>
<!-- Generated by org.testng.reporters.JUnitReportReporter -->
<testsuite hostname="SHUBHAM" failures="0" tests="2" name="com.banikngproject.LoginPage.LoginPageTest" time="13.539" errors="0" timestamp="2023-01-21T16:32:48 IST" skipped="0">
  <testcase classname="com.banikngproject.LoginPage.LoginPageTest" name="testUrl" time="4.844"/>
  <system-out/>
  <testcase classname="com.banikngproject.LoginPage.LoginPageTest" name="testTitle" time="8.695"/>
  <system-out/>
</testsuite> <!-- com.banikngproject.LoginPage.LoginPageTest -->
